[18/Oct/2018 00:36:26] DEBUG [django.db.backends:111] (0.206) 
            SELECT c.relname, c.relkind
            FROM pg_catalog.pg_class c
            LEFT JOIN pg_catalog.pg_namespace n ON n.oid = c.relnamespace
            WHERE c.relkind IN ('r', 'v')
                AND n.nspname NOT IN ('pg_catalog', 'pg_toast')
                AND pg_catalog.pg_table_is_visible(c.oid); args=None
[18/Oct/2018 00:36:26] DEBUG [django.db.backends:111] (0.025) SELECT "django_migrations"."app", "django_migrations"."name" FROM "django_migrations"; args=()
[18/Oct/2018 00:41:54] DEBUG [django.db.backends:111] (0.097) SELECT "server_user"."id", "server_user"."password", "server_user"."last_login", "server_user"."is_superuser", "server_user"."username", "server_user"."email", "server_user"."is_staff", "server_user"."is_active", "server_user"."date_joined", "server_user"."first_name", "server_user"."last_name", "server_user"."street_address", "server_user"."city", "server_user"."state", "server_user"."zipcode", "server_user"."business_name", "server_user"."modified_at", "server_user"."premium", "server_user"."paid_until" FROM "server_user" WHERE "server_user"."username" = 'Cole'; args=('Cole',)
[18/Oct/2018 00:41:54] INFO [django.server:124] "POST /graphql/ HTTP/1.1" 200 301
[18/Oct/2018 12:36:44] INFO [django.server:124] "OPTIONS /graphql/ HTTP/1.1" 200 0
[18/Oct/2018 12:36:44] DEBUG [django.db.backends:111] (0.040) SELECT "server_user"."id", "server_user"."password", "server_user"."last_login", "server_user"."is_superuser", "server_user"."username", "server_user"."email", "server_user"."is_staff", "server_user"."is_active", "server_user"."date_joined", "server_user"."first_name", "server_user"."last_name", "server_user"."street_address", "server_user"."city", "server_user"."state", "server_user"."zipcode", "server_user"."business_name", "server_user"."modified_at", "server_user"."premium", "server_user"."paid_until" FROM "server_user" WHERE "server_user"."username" = 'Cole'; args=('Cole',)
[18/Oct/2018 12:36:44] DEBUG [django.db.backends:111] (0.297) SELECT COUNT(*) AS "__count" FROM "server_job" WHERE "server_job"."user_id" = 3; args=(3,)
[18/Oct/2018 12:36:44] DEBUG [django.db.backends:111] (0.007) SELECT "server_job"."id", "server_job"."user_id", "server_job"."client_id", "server_job"."name", "server_job"."complete", "server_job"."labor", "server_job"."description", "server_job"."created_at", "server_job"."modified_at", "server_job"."deadline" FROM "server_job" WHERE "server_job"."user_id" = 3  LIMIT 6; args=(3,)
[18/Oct/2018 12:36:44] DEBUG [django.db.backends:111] (0.001) SELECT "server_client"."id", "server_client"."user_id", "server_client"."business_name", "server_client"."first_name", "server_client"."last_name", "server_client"."email", "server_client"."street_address", "server_client"."city", "server_client"."state", "server_client"."zipcode", "server_client"."created_at", "server_client"."modified_at", "server_client"."deadline" FROM "server_client" WHERE "server_client"."id" = 5; args=(5,)
[18/Oct/2018 12:36:44] DEBUG [django.db.backends:111] (0.000) SELECT "server_client"."id", "server_client"."user_id", "server_client"."business_name", "server_client"."first_name", "server_client"."last_name", "server_client"."email", "server_client"."street_address", "server_client"."city", "server_client"."state", "server_client"."zipcode", "server_client"."created_at", "server_client"."modified_at", "server_client"."deadline" FROM "server_client" WHERE "server_client"."id" = 7; args=(7,)
[18/Oct/2018 12:36:44] DEBUG [django.db.backends:111] (0.000) SELECT "server_client"."id", "server_client"."user_id", "server_client"."business_name", "server_client"."first_name", "server_client"."last_name", "server_client"."email", "server_client"."street_address", "server_client"."city", "server_client"."state", "server_client"."zipcode", "server_client"."created_at", "server_client"."modified_at", "server_client"."deadline" FROM "server_client" WHERE "server_client"."id" = 7; args=(7,)
[18/Oct/2018 12:36:44] DEBUG [django.db.backends:111] (0.000) SELECT "server_client"."id", "server_client"."user_id", "server_client"."business_name", "server_client"."first_name", "server_client"."last_name", "server_client"."email", "server_client"."street_address", "server_client"."city", "server_client"."state", "server_client"."zipcode", "server_client"."created_at", "server_client"."modified_at", "server_client"."deadline" FROM "server_client" WHERE "server_client"."id" = 2; args=(2,)
[18/Oct/2018 12:36:44] DEBUG [django.db.backends:111] (0.000) SELECT "server_client"."id", "server_client"."user_id", "server_client"."business_name", "server_client"."first_name", "server_client"."last_name", "server_client"."email", "server_client"."street_address", "server_client"."city", "server_client"."state", "server_client"."zipcode", "server_client"."created_at", "server_client"."modified_at", "server_client"."deadline" FROM "server_client" WHERE "server_client"."id" = 2; args=(2,)
[18/Oct/2018 12:36:44] DEBUG [django.db.backends:111] (0.000) SELECT "server_client"."id", "server_client"."user_id", "server_client"."business_name", "server_client"."first_name", "server_client"."last_name", "server_client"."email", "server_client"."street_address", "server_client"."city", "server_client"."state", "server_client"."zipcode", "server_client"."created_at", "server_client"."modified_at", "server_client"."deadline" FROM "server_client" WHERE "server_client"."id" = 2; args=(2,)
[18/Oct/2018 12:36:44] INFO [django.server:124] "POST /graphql/ HTTP/1.1" 200 1692
[18/Oct/2018 12:36:44] DEBUG [django.db.backends:111] (0.006) SELECT "server_user"."id", "server_user"."password", "server_user"."last_login", "server_user"."is_superuser", "server_user"."username", "server_user"."email", "server_user"."is_staff", "server_user"."is_active", "server_user"."date_joined", "server_user"."first_name", "server_user"."last_name", "server_user"."street_address", "server_user"."city", "server_user"."state", "server_user"."zipcode", "server_user"."business_name", "server_user"."modified_at", "server_user"."premium", "server_user"."paid_until" FROM "server_user" WHERE "server_user"."username" = 'Cole'; args=('Cole',)
[18/Oct/2018 12:36:44] DEBUG [django.db.backends:111] (0.003) SELECT COUNT(*) AS "__count" FROM "server_job" WHERE "server_job"."user_id" = 3; args=(3,)
[18/Oct/2018 12:36:44] DEBUG [django.db.backends:111] (0.001) SELECT "server_job"."id", "server_job"."user_id", "server_job"."client_id", "server_job"."name", "server_job"."complete", "server_job"."labor", "server_job"."description", "server_job"."created_at", "server_job"."modified_at", "server_job"."deadline" FROM "server_job" WHERE "server_job"."user_id" = 3  LIMIT 6; args=(3,)
[18/Oct/2018 12:36:44] DEBUG [django.db.backends:111] (0.001) SELECT "server_client"."id", "server_client"."user_id", "server_client"."business_name", "server_client"."first_name", "server_client"."last_name", "server_client"."email", "server_client"."street_address", "server_client"."city", "server_client"."state", "server_client"."zipcode", "server_client"."created_at", "server_client"."modified_at", "server_client"."deadline" FROM "server_client" WHERE "server_client"."id" = 5; args=(5,)
[18/Oct/2018 12:36:44] DEBUG [django.db.backends:111] (0.000) SELECT "server_client"."id", "server_client"."user_id", "server_client"."business_name", "server_client"."first_name", "server_client"."last_name", "server_client"."email", "server_client"."street_address", "server_client"."city", "server_client"."state", "server_client"."zipcode", "server_client"."created_at", "server_client"."modified_at", "server_client"."deadline" FROM "server_client" WHERE "server_client"."id" = 7; args=(7,)
[18/Oct/2018 12:36:44] DEBUG [django.db.backends:111] (0.000) SELECT "server_client"."id", "server_client"."user_id", "server_client"."business_name", "server_client"."first_name", "server_client"."last_name", "server_client"."email", "server_client"."street_address", "server_client"."city", "server_client"."state", "server_client"."zipcode", "server_client"."created_at", "server_client"."modified_at", "server_client"."deadline" FROM "server_client" WHERE "server_client"."id" = 7; args=(7,)
[18/Oct/2018 12:36:44] DEBUG [django.db.backends:111] (0.000) SELECT "server_client"."id", "server_client"."user_id", "server_client"."business_name", "server_client"."first_name", "server_client"."last_name", "server_client"."email", "server_client"."street_address", "server_client"."city", "server_client"."state", "server_client"."zipcode", "server_client"."created_at", "server_client"."modified_at", "server_client"."deadline" FROM "server_client" WHERE "server_client"."id" = 2; args=(2,)
[18/Oct/2018 12:36:44] DEBUG [django.db.backends:111] (0.000) SELECT "server_client"."id", "server_client"."user_id", "server_client"."business_name", "server_client"."first_name", "server_client"."last_name", "server_client"."email", "server_client"."street_address", "server_client"."city", "server_client"."state", "server_client"."zipcode", "server_client"."created_at", "server_client"."modified_at", "server_client"."deadline" FROM "server_client" WHERE "server_client"."id" = 2; args=(2,)
[18/Oct/2018 12:36:44] DEBUG [django.db.backends:111] (0.000) SELECT "server_client"."id", "server_client"."user_id", "server_client"."business_name", "server_client"."first_name", "server_client"."last_name", "server_client"."email", "server_client"."street_address", "server_client"."city", "server_client"."state", "server_client"."zipcode", "server_client"."created_at", "server_client"."modified_at", "server_client"."deadline" FROM "server_client" WHERE "server_client"."id" = 2; args=(2,)
[18/Oct/2018 12:36:44] INFO [django.server:124] "POST /graphql/ HTTP/1.1" 200 1692
[18/Oct/2018 12:41:33] DEBUG [django.db.backends:111] (0.003) SELECT "server_user"."id", "server_user"."password", "server_user"."last_login", "server_user"."is_superuser", "server_user"."username", "server_user"."email", "server_user"."is_staff", "server_user"."is_active", "server_user"."date_joined", "server_user"."first_name", "server_user"."last_name", "server_user"."street_address", "server_user"."city", "server_user"."state", "server_user"."zipcode", "server_user"."business_name", "server_user"."modified_at", "server_user"."premium", "server_user"."paid_until" FROM "server_user" WHERE "server_user"."username" = 'Cole'; args=('Cole',)
[18/Oct/2018 12:41:33] DEBUG [django.db.backends:111] (0.001) SELECT COUNT(*) AS "__count" FROM "server_job" WHERE "server_job"."user_id" = 3; args=(3,)
[18/Oct/2018 12:41:33] DEBUG [django.db.backends:111] (0.001) SELECT "server_job"."id", "server_job"."user_id", "server_job"."client_id", "server_job"."name", "server_job"."complete", "server_job"."labor", "server_job"."description", "server_job"."created_at", "server_job"."modified_at", "server_job"."deadline" FROM "server_job" WHERE "server_job"."user_id" = 3  LIMIT 6; args=(3,)
[18/Oct/2018 12:41:33] DEBUG [django.db.backends:111] (0.001) SELECT "server_client"."id", "server_client"."user_id", "server_client"."business_name", "server_client"."first_name", "server_client"."last_name", "server_client"."email", "server_client"."street_address", "server_client"."city", "server_client"."state", "server_client"."zipcode", "server_client"."created_at", "server_client"."modified_at", "server_client"."deadline" FROM "server_client" WHERE "server_client"."id" = 5; args=(5,)
[18/Oct/2018 12:41:33] DEBUG [django.db.backends:111] (0.000) SELECT "server_client"."id", "server_client"."user_id", "server_client"."business_name", "server_client"."first_name", "server_client"."last_name", "server_client"."email", "server_client"."street_address", "server_client"."city", "server_client"."state", "server_client"."zipcode", "server_client"."created_at", "server_client"."modified_at", "server_client"."deadline" FROM "server_client" WHERE "server_client"."id" = 7; args=(7,)
[18/Oct/2018 12:41:33] DEBUG [django.db.backends:111] (0.001) SELECT "server_client"."id", "server_client"."user_id", "server_client"."business_name", "server_client"."first_name", "server_client"."last_name", "server_client"."email", "server_client"."street_address", "server_client"."city", "server_client"."state", "server_client"."zipcode", "server_client"."created_at", "server_client"."modified_at", "server_client"."deadline" FROM "server_client" WHERE "server_client"."id" = 7; args=(7,)
[18/Oct/2018 12:41:33] DEBUG [django.db.backends:111] (0.000) SELECT "server_client"."id", "server_client"."user_id", "server_client"."business_name", "server_client"."first_name", "server_client"."last_name", "server_client"."email", "server_client"."street_address", "server_client"."city", "server_client"."state", "server_client"."zipcode", "server_client"."created_at", "server_client"."modified_at", "server_client"."deadline" FROM "server_client" WHERE "server_client"."id" = 2; args=(2,)
[18/Oct/2018 12:41:33] DEBUG [django.db.backends:111] (0.000) SELECT "server_client"."id", "server_client"."user_id", "server_client"."business_name", "server_client"."first_name", "server_client"."last_name", "server_client"."email", "server_client"."street_address", "server_client"."city", "server_client"."state", "server_client"."zipcode", "server_client"."created_at", "server_client"."modified_at", "server_client"."deadline" FROM "server_client" WHERE "server_client"."id" = 2; args=(2,)
[18/Oct/2018 12:41:33] DEBUG [django.db.backends:111] (0.000) SELECT "server_client"."id", "server_client"."user_id", "server_client"."business_name", "server_client"."first_name", "server_client"."last_name", "server_client"."email", "server_client"."street_address", "server_client"."city", "server_client"."state", "server_client"."zipcode", "server_client"."created_at", "server_client"."modified_at", "server_client"."deadline" FROM "server_client" WHERE "server_client"."id" = 2; args=(2,)
[18/Oct/2018 12:41:33] INFO [django.server:124] "POST /graphql/ HTTP/1.1" 200 1692
[18/Oct/2018 12:41:34] DEBUG [django.db.backends:111] (0.002) SELECT "server_user"."id", "server_user"."password", "server_user"."last_login", "server_user"."is_superuser", "server_user"."username", "server_user"."email", "server_user"."is_staff", "server_user"."is_active", "server_user"."date_joined", "server_user"."first_name", "server_user"."last_name", "server_user"."street_address", "server_user"."city", "server_user"."state", "server_user"."zipcode", "server_user"."business_name", "server_user"."modified_at", "server_user"."premium", "server_user"."paid_until" FROM "server_user" WHERE "server_user"."username" = 'Cole'; args=('Cole',)
[18/Oct/2018 12:41:34] DEBUG [django.db.backends:111] (0.001) SELECT COUNT(*) AS "__count" FROM "server_job" WHERE "server_job"."user_id" = 3; args=(3,)
[18/Oct/2018 12:41:34] DEBUG [django.db.backends:111] (0.000) SELECT "server_job"."id", "server_job"."user_id", "server_job"."client_id", "server_job"."name", "server_job"."complete", "server_job"."labor", "server_job"."description", "server_job"."created_at", "server_job"."modified_at", "server_job"."deadline" FROM "server_job" WHERE "server_job"."user_id" = 3  LIMIT 6; args=(3,)
[18/Oct/2018 12:41:34] DEBUG [django.db.backends:111] (0.001) SELECT "server_client"."id", "server_client"."user_id", "server_client"."business_name", "server_client"."first_name", "server_client"."last_name", "server_client"."email", "server_client"."street_address", "server_client"."city", "server_client"."state", "server_client"."zipcode", "server_client"."created_at", "server_client"."modified_at", "server_client"."deadline" FROM "server_client" WHERE "server_client"."id" = 5; args=(5,)
[18/Oct/2018 12:41:34] DEBUG [django.db.backends:111] (0.000) SELECT "server_client"."id", "server_client"."user_id", "server_client"."business_name", "server_client"."first_name", "server_client"."last_name", "server_client"."email", "server_client"."street_address", "server_client"."city", "server_client"."state", "server_client"."zipcode", "server_client"."created_at", "server_client"."modified_at", "server_client"."deadline" FROM "server_client" WHERE "server_client"."id" = 7; args=(7,)
[18/Oct/2018 12:41:34] DEBUG [django.db.backends:111] (0.000) SELECT "server_client"."id", "server_client"."user_id", "server_client"."business_name", "server_client"."first_name", "server_client"."last_name", "server_client"."email", "server_client"."street_address", "server_client"."city", "server_client"."state", "server_client"."zipcode", "server_client"."created_at", "server_client"."modified_at", "server_client"."deadline" FROM "server_client" WHERE "server_client"."id" = 7; args=(7,)
[18/Oct/2018 12:41:34] DEBUG [django.db.backends:111] (0.000) SELECT "server_client"."id", "server_client"."user_id", "server_client"."business_name", "server_client"."first_name", "server_client"."last_name", "server_client"."email", "server_client"."street_address", "server_client"."city", "server_client"."state", "server_client"."zipcode", "server_client"."created_at", "server_client"."modified_at", "server_client"."deadline" FROM "server_client" WHERE "server_client"."id" = 2; args=(2,)
[18/Oct/2018 12:41:34] DEBUG [django.db.backends:111] (0.000) SELECT "server_client"."id", "server_client"."user_id", "server_client"."business_name", "server_client"."first_name", "server_client"."last_name", "server_client"."email", "server_client"."street_address", "server_client"."city", "server_client"."state", "server_client"."zipcode", "server_client"."created_at", "server_client"."modified_at", "server_client"."deadline" FROM "server_client" WHERE "server_client"."id" = 2; args=(2,)
[18/Oct/2018 12:41:34] DEBUG [django.db.backends:111] (0.000) SELECT "server_client"."id", "server_client"."user_id", "server_client"."business_name", "server_client"."first_name", "server_client"."last_name", "server_client"."email", "server_client"."street_address", "server_client"."city", "server_client"."state", "server_client"."zipcode", "server_client"."created_at", "server_client"."modified_at", "server_client"."deadline" FROM "server_client" WHERE "server_client"."id" = 2; args=(2,)
[18/Oct/2018 12:41:34] INFO [django.server:124] "POST /graphql/ HTTP/1.1" 200 1692
[19/Oct/2018 16:56:11] DEBUG [django.db.backends:111] (0.008) 
            SELECT c.relname, c.relkind
            FROM pg_catalog.pg_class c
            LEFT JOIN pg_catalog.pg_namespace n ON n.oid = c.relnamespace
            WHERE c.relkind IN ('r', 'v')
                AND n.nspname NOT IN ('pg_catalog', 'pg_toast')
                AND pg_catalog.pg_table_is_visible(c.oid); args=None
[19/Oct/2018 16:56:11] DEBUG [django.db.backends:111] (0.002) SELECT "django_migrations"."app", "django_migrations"."name" FROM "django_migrations"; args=()
[19/Oct/2018 17:07:52] DEBUG [django.db.backends:111] (0.005) 
            SELECT c.relname, c.relkind
            FROM pg_catalog.pg_class c
            LEFT JOIN pg_catalog.pg_namespace n ON n.oid = c.relnamespace
            WHERE c.relkind IN ('r', 'v')
                AND n.nspname NOT IN ('pg_catalog', 'pg_toast')
                AND pg_catalog.pg_table_is_visible(c.oid); args=None
[19/Oct/2018 17:07:52] DEBUG [django.db.backends:111] (0.001) SELECT "django_migrations"."app", "django_migrations"."name" FROM "django_migrations"; args=()
